2024-11-25 11:17:30+0000  [debug] $API Request Authorization failed = #0 /var/www/html/vendor/civicrm/civicrm-core/Civi/API/Kernel.php(148): CRM_Core_Error::backtrace("API Request Authorization failed", TRUE)
#1 /var/www/html/vendor/civicrm/civicrm-core/Civi/Api4/Generic/AbstractAction.php(256): Civi\API\Kernel->runRequest(Object(Civi\Api4\Generic\DAOGetAction))
#2 /var/www/html/vendor/civicrm/civicrm-core/ext/civiimport/Civi/Api4/Event/Subscriber/ImportSubscriber.php(221): Civi\Api4\Generic\AbstractAction->execute()
#3 /var/www/html/vendor/civicrm/civicrm-core/ext/civiimport/Civi/Api4/Event/Subscriber/ImportSubscriber.php(197): Civi\Api4\Event\Subscriber\ImportSubscriber::getImportForms()
#4 [internal function](): Civi\Api4\Event\Subscriber\ImportSubscriber::on_civi_afform_get(Object(Civi\Core\Event\GenericHookEvent), "civi.afform.get", Object(Civi\Core\UnoptimizedEventDispatcher))
#5 /var/www/html/vendor/civicrm/civicrm-core/Civi/Core/Event/ServiceListener.php(53): call_user_func_array((Array:2), (Array:3))
#6 /var/www/html/vendor/symfony/event-dispatcher/EventDispatcher.php(220): Civi\Core\Event\ServiceListener->__invoke(Object(Civi\Core\Event\GenericHookEvent), "civi.afform.get", Object(Civi\Core\UnoptimizedEventDispatcher))
#7 /var/www/html/vendor/symfony/event-dispatcher/EventDispatcher.php(56): Symfony\Component\EventDispatcher\EventDispatcher->callListeners((Array:2), "civi.afform.get", Object(Civi\Core\Event\GenericHookEvent))
#8 /var/www/html/vendor/civicrm/civicrm-core/Civi/Core/CiviEventDispatcher.php(263): Symfony\Component\EventDispatcher\EventDispatcher->dispatch(Object(Civi\Core\Event\GenericHookEvent), "civi.afform.get")
#9 /var/www/html/vendor/civicrm/civicrm-core/ext/afform/core/Civi/Api4/Action/Afform/Get.php(41): Civi\Core\CiviEventDispatcher->dispatch("civi.afform.get", Object(Civi\Core\Event\GenericHookEvent))
#10 /var/www/html/vendor/civicrm/civicrm-core/Civi/Api4/Generic/BasicGetAction.php(51): Civi\Api4\Action\Afform\Get->getRecords()
#11 /var/www/html/vendor/civicrm/civicrm-core/Civi/Api4/Provider/ActionObjectProvider.php(91): Civi\Api4\Generic\BasicGetAction->_run(Object(Civi\Api4\Generic\Result))
#12 /var/www/html/vendor/civicrm/civicrm-core/Civi/API/Kernel.php(153): Civi\Api4\Provider\ActionObjectProvider->invoke(Object(Civi\Api4\Action\Afform\Get))
#13 /var/www/html/vendor/civicrm/civicrm-core/Civi/Api4/Generic/AbstractAction.php(256): Civi\API\Kernel->runRequest(Object(Civi\Api4\Action\Afform\Get))
#14 /var/www/html/vendor/civicrm/civicrm-core/ext/afform/core/afform.php(403): Civi\Api4\Generic\AbstractAction->execute()
#15 /var/www/html/vendor/civicrm/civicrm-core/CRM/Utils/Hook.php(272): afform_civicrm_alterMenu((Array:466))
#16 /var/www/html/vendor/civicrm/civicrm-core/CRM/Utils/Hook/DrupalBase.php(73): CRM_Utils_Hook->runHooks((Array:66), "civicrm_alterMenu", 1, (Array:466), NULL, NULL, NULL, NULL, NULL)
#17 /var/www/html/vendor/civicrm/civicrm-core/Civi/Core/CiviEventDispatcher.php(310): CRM_Utils_Hook_DrupalBase->invokeViaUF(1, (Array:466), NULL, NULL, NULL, NULL, NULL, "civicrm_alterMenu")
#18 /var/www/html/vendor/symfony/event-dispatcher/EventDispatcher.php(220): Civi\Core\CiviEventDispatcher::delegateToUF(Object(Civi\Core\Event\GenericHookEvent), "hook_civicrm_alterMenu", Object(Civi\Core\UnoptimizedEventDispatcher))
#19 /var/www/html/vendor/symfony/event-dispatcher/EventDispatcher.php(56): Symfony\Component\EventDispatcher\EventDispatcher->callListeners((Array:4), "hook_civicrm_alterMenu", Object(Civi\Core\Event\GenericHookEvent))
#20 /var/www/html/vendor/civicrm/civicrm-core/Civi/Core/CiviEventDispatcher.php(263): Symfony\Component\EventDispatcher\EventDispatcher->dispatch(Object(Civi\Core\Event\GenericHookEvent), "hook_civicrm_alterMenu")
#21 /var/www/html/vendor/civicrm/civicrm-core/CRM/Utils/Hook.php(168): Civi\Core\CiviEventDispatcher->dispatch("hook_civicrm_alterMenu", Object(Civi\Core\Event\GenericHookEvent))
#22 /var/www/html/vendor/civicrm/civicrm-core/CRM/Utils/Hook.php(689): CRM_Utils_Hook->invoke((Array:1), (Array:466), NULL, NULL, NULL, NULL, NULL, "civicrm_alterMenu")
#23 /var/www/html/vendor/civicrm/civicrm-core/CRM/Core/Menu.php(78): CRM_Utils_Hook::alterMenu((Array:466))
#24 /var/www/html/vendor/civicrm/civicrm-core/CRM/Core/Menu.php(180): CRM_Core_Menu::xmlItems(FALSE)
#25 /var/www/html/web/modules/contrib/civicrm/src/Routing/Routes.php(26): CRM_Core_Menu::items()
#26 [internal function](): Drupal\civicrm\Routing\Routes->listRoutes()
#27 /var/www/html/web/core/lib/Drupal/Core/Routing/RouteBuilder.php(146): call_user_func((Array:2))
#28 /var/www/html/web/core/lib/Drupal/Core/ProxyClass/Routing/RouteBuilder.php(83): Drupal\Core\Routing\RouteBuilder->rebuild()
#29 /var/www/html/web/core/includes/common.inc(485): Drupal\Core\ProxyClass\Routing\RouteBuilder->rebuild()
#30 /var/www/html/web/core/includes/utility.inc(41): drupal_flush_all_caches(Object(Drupal\Core\DrupalKernel))
#31 /var/www/html/vendor/drush/drush/src/Commands/core/CacheRebuildCommands.php(60): drupal_rebuild(Object(Composer\Autoload\ClassLoader), Object(Symfony\Component\HttpFoundation\Request))
#32 [internal function](): Drush\Commands\core\CacheRebuildCommands->rebuild((Array:18))
#33 /var/www/html/vendor/consolidation/annotated-command/src/CommandProcessor.php(276): call_user_func_array((Array:2), (Array:1))
#34 /var/www/html/vendor/consolidation/annotated-command/src/CommandProcessor.php(212): Consolidation\AnnotatedCommand\CommandProcessor->runCommandCallback((Array:2), Object(Consolidation\AnnotatedCommand\CommandData))
#35 /var/www/html/vendor/consolidation/annotated-command/src/CommandProcessor.php(175): Consolidation\AnnotatedCommand\CommandProcessor->validateRunAndAlter((Array:5), (Array:2), Object(Consolidation\AnnotatedCommand\CommandData))
#36 /var/www/html/vendor/consolidation/annotated-command/src/AnnotatedCommand.php(387): Consolidation\AnnotatedCommand\CommandProcessor->process(Object(Symfony\Component\Console\Output\ConsoleOutput), (Array:5), (Array:2), Object(Consolidation\AnnotatedCommand\CommandData))
#37 /var/www/html/vendor/symfony/console/Command/Command.php(326): Consolidation\AnnotatedCommand\AnnotatedCommand->execute(Object(Symfony\Component\Console\Input\ArgvInput), Object(Symfony\Component\Console\Output\ConsoleOutput))
#38 /var/www/html/vendor/symfony/console/Application.php(1096): Symfony\Component\Console\Command\Command->run(Object(Symfony\Component\Console\Input\ArgvInput), Object(Symfony\Component\Console\Output\ConsoleOutput))
#39 /var/www/html/vendor/symfony/console/Application.php(324): Symfony\Component\Console\Application->doRunCommand(Object(Consolidation\AnnotatedCommand\AnnotatedCommand), Object(Symfony\Component\Console\Input\ArgvInput), Object(Symfony\Component\Console\Output\ConsoleOutput))
#40 /var/www/html/vendor/symfony/console/Application.php(175): Symfony\Component\Console\Application->doRun(Object(Symfony\Component\Console\Input\ArgvInput), Object(Symfony\Component\Console\Output\ConsoleOutput))
#41 /var/www/html/vendor/drush/drush/src/Runtime/Runtime.php(110): Symfony\Component\Console\Application->run(Object(Symfony\Component\Console\Input\ArgvInput), Object(Symfony\Component\Console\Output\ConsoleOutput))
#42 /var/www/html/vendor/drush/drush/src/Runtime/Runtime.php(40): Drush\Runtime\Runtime->doRun((Array:2), Object(Symfony\Component\Console\Output\ConsoleOutput))
#43 /var/www/html/vendor/drush/drush/drush.php(140): Drush\Runtime\Runtime->run((Array:2))
#44 /var/www/html/vendor/bin/drush.php(119): include("/var/www/html/vendor/drush/drush/drush.php")
#45 {main}


2024-11-25 12:35:41+0000  [info] Running task: Processed 50 rows out of 151

2024-11-25 12:35:45+0000  [info] Running task: Processed 100 rows out of 151

2024-11-25 12:35:48+0000  [info] Running task: Processed 150 rows out of 151

2024-11-25 12:35:51+0000  [info] Running task: Processed 151 rows out of 151

2024-11-28 09:18:59+0000  [debug] $API Request Authorization failed = #0 /var/www/html/vendor/civicrm/civicrm-core/Civi/API/Kernel.php(148): CRM_Core_Error::backtrace("API Request Authorization failed", TRUE)
#1 /var/www/html/vendor/civicrm/civicrm-core/Civi/Api4/Generic/AbstractAction.php(256): Civi\API\Kernel->runRequest(Object(Civi\Api4\Generic\DAOGetAction))
#2 /var/www/html/vendor/civicrm/civicrm-core/ext/civiimport/Civi/Api4/Event/Subscriber/ImportSubscriber.php(221): Civi\Api4\Generic\AbstractAction->execute()
#3 /var/www/html/vendor/civicrm/civicrm-core/ext/civiimport/Civi/Api4/Event/Subscriber/ImportSubscriber.php(197): Civi\Api4\Event\Subscriber\ImportSubscriber::getImportForms()
#4 [internal function](): Civi\Api4\Event\Subscriber\ImportSubscriber::on_civi_afform_get(Object(Civi\Core\Event\GenericHookEvent), "civi.afform.get", Object(Civi\Core\UnoptimizedEventDispatcher))
#5 /var/www/html/vendor/civicrm/civicrm-core/Civi/Core/Event/ServiceListener.php(53): call_user_func_array((Array:2), (Array:3))
#6 /var/www/html/vendor/symfony/event-dispatcher/EventDispatcher.php(220): Civi\Core\Event\ServiceListener->__invoke(Object(Civi\Core\Event\GenericHookEvent), "civi.afform.get", Object(Civi\Core\UnoptimizedEventDispatcher))
#7 /var/www/html/vendor/symfony/event-dispatcher/EventDispatcher.php(56): Symfony\Component\EventDispatcher\EventDispatcher->callListeners((Array:2), "civi.afform.get", Object(Civi\Core\Event\GenericHookEvent))
#8 /var/www/html/vendor/civicrm/civicrm-core/Civi/Core/CiviEventDispatcher.php(263): Symfony\Component\EventDispatcher\EventDispatcher->dispatch(Object(Civi\Core\Event\GenericHookEvent), "civi.afform.get")
#9 /var/www/html/vendor/civicrm/civicrm-core/ext/afform/core/Civi/Api4/Action/Afform/Get.php(41): Civi\Core\CiviEventDispatcher->dispatch("civi.afform.get", Object(Civi\Core\Event\GenericHookEvent))
#10 /var/www/html/vendor/civicrm/civicrm-core/Civi/Api4/Generic/BasicGetAction.php(51): Civi\Api4\Action\Afform\Get->getRecords()
#11 /var/www/html/vendor/civicrm/civicrm-core/Civi/Api4/Provider/ActionObjectProvider.php(91): Civi\Api4\Generic\BasicGetAction->_run(Object(Civi\Api4\Generic\Result))
#12 /var/www/html/vendor/civicrm/civicrm-core/Civi/API/Kernel.php(153): Civi\Api4\Provider\ActionObjectProvider->invoke(Object(Civi\Api4\Action\Afform\Get))
#13 /var/www/html/vendor/civicrm/civicrm-core/Civi/Api4/Generic/AbstractAction.php(256): Civi\API\Kernel->runRequest(Object(Civi\Api4\Action\Afform\Get))
#14 /var/www/html/vendor/civicrm/civicrm-core/ext/afform/core/afform.php(403): Civi\Api4\Generic\AbstractAction->execute()
#15 /var/www/html/vendor/civicrm/civicrm-core/CRM/Utils/Hook.php(272): afform_civicrm_alterMenu((Array:469))
#16 /var/www/html/vendor/civicrm/civicrm-core/CRM/Utils/Hook/DrupalBase.php(73): CRM_Utils_Hook->runHooks((Array:65), "civicrm_alterMenu", 1, (Array:469), NULL, NULL, NULL, NULL, NULL)
#17 /var/www/html/vendor/civicrm/civicrm-core/Civi/Core/CiviEventDispatcher.php(310): CRM_Utils_Hook_DrupalBase->invokeViaUF(1, (Array:469), NULL, NULL, NULL, NULL, NULL, "civicrm_alterMenu")
#18 /var/www/html/vendor/symfony/event-dispatcher/EventDispatcher.php(220): Civi\Core\CiviEventDispatcher::delegateToUF(Object(Civi\Core\Event\GenericHookEvent), "hook_civicrm_alterMenu", Object(Civi\Core\UnoptimizedEventDispatcher))
#19 /var/www/html/vendor/symfony/event-dispatcher/EventDispatcher.php(56): Symfony\Component\EventDispatcher\EventDispatcher->callListeners((Array:4), "hook_civicrm_alterMenu", Object(Civi\Core\Event\GenericHookEvent))
#20 /var/www/html/vendor/civicrm/civicrm-core/Civi/Core/CiviEventDispatcher.php(263): Symfony\Component\EventDispatcher\EventDispatcher->dispatch(Object(Civi\Core\Event\GenericHookEvent), "hook_civicrm_alterMenu")
#21 /var/www/html/vendor/civicrm/civicrm-core/CRM/Utils/Hook.php(168): Civi\Core\CiviEventDispatcher->dispatch("hook_civicrm_alterMenu", Object(Civi\Core\Event\GenericHookEvent))
#22 /var/www/html/vendor/civicrm/civicrm-core/CRM/Utils/Hook.php(689): CRM_Utils_Hook->invoke((Array:1), (Array:469), NULL, NULL, NULL, NULL, NULL, "civicrm_alterMenu")
#23 /var/www/html/vendor/civicrm/civicrm-core/CRM/Core/Menu.php(78): CRM_Utils_Hook::alterMenu((Array:469))
#24 /var/www/html/vendor/civicrm/civicrm-core/CRM/Core/Menu.php(180): CRM_Core_Menu::xmlItems(FALSE)
#25 /var/www/html/web/modules/contrib/civicrm/src/PathProcessor/CivicrmPathProcessor.php(24): CRM_Core_Menu::items()
#26 /var/www/html/web/core/lib/Drupal/Core/PathProcessor/PathProcessorManager.php(70): Drupal\civicrm\PathProcessor\CivicrmPathProcessor->processInbound("/civicrm/profile/create", Object(Symfony\Component\HttpFoundation\Request))
#27 /var/www/html/web/core/lib/Drupal/Core/Path/PathValidator.php(157): Drupal\Core\PathProcessor\PathProcessorManager->processInbound("/civicrm/profile/create", Object(Symfony\Component\HttpFoundation\Request))
#28 /var/www/html/web/core/lib/Drupal/Core/Path/PathValidator.php(122): Drupal\Core\Path\PathValidator->getPathAttributes("civicrm/profile/create", Object(Symfony\Component\HttpFoundation\Request), FALSE)
#29 /var/www/html/web/core/lib/Drupal/Core/Path/PathValidator.php(89): Drupal\Core\Path\PathValidator->getUrl("civicrm/profile/create", FALSE)
#30 /var/www/html/web/core/lib/Drupal/Core/Url.php(427): Drupal\Core\Path\PathValidator->getUrlIfValidWithoutAccessCheck("civicrm/profile/create")
#31 /var/www/html/web/core/lib/Drupal/Core/Url.php(319): Drupal\Core\Url::fromInternalUri((Array:2), (Array:3))
#32 /var/www/html/vendor/civicrm/civicrm-core/CRM/Utils/System/Drupal8.php(303): Drupal\Core\Url::fromUri("internal:/civicrm/profile/create", (Array:3))
#33 /var/www/html/vendor/civicrm/civicrm-core/CRM/Utils/System.php(294): CRM_Utils_System_Drupal8->url("civicrm/profile/create", "reset=1&context=dialog&gid=6", NULL, NULL, FALSE, TRUE)
#34 /var/www/html/vendor/civicrm/civicrm-core/CRM/Contact/BAO/Contact.php(3550): CRM_Utils_System::url("civicrm/profile/create", "reset=1&context=dialog&gid=6", NULL, NULL, FALSE, FALSE, TRUE)
#35 /var/www/html/vendor/civicrm/civicrm-core/CRM/Core/Resources.php(584): CRM_Contact_BAO_Contact::getEntityRefCreateLinks()
#36 /var/www/html/vendor/civicrm/civicrm-core/CRM/Core/Resources.php(463): CRM_Core_Resources::getEntityRefMetadata()
#37 /var/www/html/vendor/symfony/event-dispatcher/EventDispatcher.php(220): CRM_Core_Resources::renderL10nJs(Object(Civi\Core\Event\GenericHookEvent), "hook_civicrm_buildAsset", Object(Civi\Core\UnoptimizedEventDispatcher))
#38 /var/www/html/vendor/symfony/event-dispatcher/EventDispatcher.php(56): Symfony\Component\EventDispatcher\EventDispatcher->callListeners((Array:6), "hook_civicrm_buildAsset", Object(Civi\Core\Event\GenericHookEvent))
#39 /var/www/html/vendor/civicrm/civicrm-core/Civi/Core/CiviEventDispatcher.php(263): Symfony\Component\EventDispatcher\EventDispatcher->dispatch(Object(Civi\Core\Event\GenericHookEvent), "hook_civicrm_buildAsset")
#40 /var/www/html/vendor/civicrm/civicrm-core/CRM/Utils/Hook.php(168): Civi\Core\CiviEventDispatcher->dispatch("hook_civicrm_buildAsset", Object(Civi\Core\Event\GenericHookEvent))
#41 /var/www/html/vendor/civicrm/civicrm-core/CRM/Utils/Hook.php(2790): CRM_Utils_Hook->invoke((Array:4), "crm-l10n.js", (Array:10), "application/javascript", NULL, NULL, NULL, "civicrm_buildAsset")
#42 /var/www/html/vendor/civicrm/civicrm-core/Civi/Core/AssetBuilder.php(226): CRM_Utils_Hook::buildAsset("crm-l10n.js", (Array:10), "application/javascript", NULL)
#43 /var/www/html/vendor/civicrm/civicrm-core/Civi/Core/AssetBuilder.php(198): Civi\Core\AssetBuilder->render("crm-l10n.js", (Array:10))
#44 /var/www/html/vendor/civicrm/civicrm-core/Civi/Core/AssetBuilder.php(136): Civi\Core\AssetBuilder->build("crm-l10n.js", (Array:10))
#45 /var/www/html/vendor/civicrm/civicrm-core/CRM/Core/Resources/Common.php(213): Civi\Core\AssetBuilder->getUrl("crm-l10n.js", (Array:10))
#46 /var/www/html/vendor/civicrm/civicrm-core/CRM/Core/Resources/Common.php(128): CRM_Core_Resources_Common::coreResourceList("html-header")
#47 /var/www/html/web/sites/default/files/civicrm/templates_c/CachedCiviContainer.f55ed694168075d5efc816530cbb3576.php(1273): CRM_Core_Resources_Common::createFullBundle("coreResources")
#48 /var/www/html/vendor/symfony/dependency-injection/Container.php(231): CachedCiviContainer_f55ed694168075d5efc816530cbb3576::getBundle_CoreResourcesService(Object(CachedCiviContainer_f55ed694168075d5efc816530cbb3576))
#49 /var/www/html/vendor/symfony/dependency-injection/Container.php(211): Symfony\Component\DependencyInjection\Container::make(Object(CachedCiviContainer_f55ed694168075d5efc816530cbb3576), "bundle.coreResources", 1)
#50 /var/www/html/vendor/civicrm/civicrm-core/Civi.php(175): Symfony\Component\DependencyInjection\Container->get("bundle.coreResources")
#51 /var/www/html/vendor/civicrm/civicrm-core/CRM/Core/Resources.php(214): Civi::service("bundle.coreResources")
#52 /var/www/html/vendor/civicrm/civicrm-core/CRM/Core/Resources.php(383): CRM_Core_Resources->addBundle("coreResources")
#53 /var/www/html/web/modules/contrib/civicrm/src/Civicrm.php(82): CRM_Core_Resources->addCoreResources()
#54 /var/www/html/web/modules/contrib/civicrm/src/Controller/CivicrmController.php(83): Drupal\civicrm\Civicrm->invoke((Array:2))
#55 [internal function](): Drupal\civicrm\Controller\CivicrmController->main((Array:2), "add")
#56 /var/www/html/web/core/lib/Drupal/Core/EventSubscriber/EarlyRenderingControllerWrapperSubscriber.php(123): call_user_func_array((Array:2), (Array:2))
#57 /var/www/html/web/core/lib/Drupal/Core/Render/Renderer.php(638): Drupal\Core\EventSubscriber\EarlyRenderingControllerWrapperSubscriber->Drupal\Core\EventSubscriber\{closure}()
#58 /var/www/html/web/core/lib/Drupal/Core/EventSubscriber/EarlyRenderingControllerWrapperSubscriber.php(121): Drupal\Core\Render\Renderer->executeInRenderContext(Object(Drupal\Core\Render\RenderContext), Object(Closure))
#59 /var/www/html/web/core/lib/Drupal/Core/EventSubscriber/EarlyRenderingControllerWrapperSubscriber.php(97): Drupal\Core\EventSubscriber\EarlyRenderingControllerWrapperSubscriber->wrapControllerExecutionInRenderContext((Array:2), (Array:2))
#60 /var/www/html/vendor/symfony/http-kernel/HttpKernel.php(181): Drupal\Core\EventSubscriber\EarlyRenderingControllerWrapperSubscriber->Drupal\Core\EventSubscriber\{closure}()
#61 /var/www/html/vendor/symfony/http-kernel/HttpKernel.php(76): Symfony\Component\HttpKernel\HttpKernel->handleRaw(Object(Symfony\Component\HttpFoundation\Request), 1)
#62 /var/www/html/web/core/lib/Drupal/Core/StackMiddleware/Session.php(53): Symfony\Component\HttpKernel\HttpKernel->handle(Object(Symfony\Component\HttpFoundation\Request), 1, TRUE)
#63 /var/www/html/web/core/lib/Drupal/Core/StackMiddleware/KernelPreHandle.php(48): Drupal\Core\StackMiddleware\Session->handle(Object(Symfony\Component\HttpFoundation\Request), 1, TRUE)
#64 /var/www/html/web/core/lib/Drupal/Core/StackMiddleware/ContentLength.php(28): Drupal\Core\StackMiddleware\KernelPreHandle->handle(Object(Symfony\Component\HttpFoundation\Request), 1, TRUE)
#65 /var/www/html/web/core/modules/big_pipe/src/StackMiddleware/ContentLength.php(32): Drupal\Core\StackMiddleware\ContentLength->handle(Object(Symfony\Component\HttpFoundation\Request), 1, TRUE)
#66 /var/www/html/web/core/modules/page_cache/src/StackMiddleware/PageCache.php(191): Drupal\big_pipe\StackMiddleware\ContentLength->handle(Object(Symfony\Component\HttpFoundation\Request), 1, TRUE)
#67 /var/www/html/web/core/modules/page_cache/src/StackMiddleware/PageCache.php(128): Drupal\page_cache\StackMiddleware\PageCache->fetch(Object(Symfony\Component\HttpFoundation\Request), 1, TRUE)
#68 /var/www/html/web/core/modules/page_cache/src/StackMiddleware/PageCache.php(82): Drupal\page_cache\StackMiddleware\PageCache->lookup(Object(Symfony\Component\HttpFoundation\Request), 1, TRUE)
#69 /var/www/html/web/core/lib/Drupal/Core/StackMiddleware/ReverseProxyMiddleware.php(48): Drupal\page_cache\StackMiddleware\PageCache->handle(Object(Symfony\Component\HttpFoundation\Request), 1, TRUE)
#70 /var/www/html/web/core/lib/Drupal/Core/StackMiddleware/NegotiationMiddleware.php(51): Drupal\Core\StackMiddleware\ReverseProxyMiddleware->handle(Object(Symfony\Component\HttpFoundation\Request), 1, TRUE)
#71 /var/www/html/web/core/lib/Drupal/Core/StackMiddleware/AjaxPageState.php(36): Drupal\Core\StackMiddleware\NegotiationMiddleware->handle(Object(Symfony\Component\HttpFoundation\Request), 1, TRUE)
#72 /var/www/html/web/core/lib/Drupal/Core/StackMiddleware/StackedHttpKernel.php(51): Drupal\Core\StackMiddleware\AjaxPageState->handle(Object(Symfony\Component\HttpFoundation\Request), 1, TRUE)
#73 /var/www/html/web/core/lib/Drupal/Core/DrupalKernel.php(741): Drupal\Core\StackMiddleware\StackedHttpKernel->handle(Object(Symfony\Component\HttpFoundation\Request), 1, TRUE)
#74 /var/www/html/web/index.php(19): Drupal\Core\DrupalKernel->handle(Object(Symfony\Component\HttpFoundation\Request))
#75 {main}


