2024-12-02 13:24:10+0000  [debug] $API Request Authorization failed = #0 /var/www/html/vendor/civicrm/civicrm-core/Civi/API/Kernel.php(148): CRM_Core_Error::backtrace("API Request Authorization failed", TRUE)
#1 /var/www/html/vendor/civicrm/civicrm-core/Civi/Api4/Generic/AbstractAction.php(256): Civi\API\Kernel->runRequest(Object(Civi\Api4\Generic\DAOGetAction))
#2 /var/www/html/vendor/civicrm/civicrm-core/ext/civiimport/Civi/Api4/Event/Subscriber/ImportSubscriber.php(221): Civi\Api4\Generic\AbstractAction->execute()
#3 /var/www/html/vendor/civicrm/civicrm-core/ext/civiimport/Civi/Api4/Event/Subscriber/ImportSubscriber.php(197): Civi\Api4\Event\Subscriber\ImportSubscriber::getImportForms()
#4 [internal function](): Civi\Api4\Event\Subscriber\ImportSubscriber::on_civi_afform_get(Object(Civi\Core\Event\GenericHookEvent), "civi.afform.get", Object(Civi\Core\UnoptimizedEventDispatcher))
#5 /var/www/html/vendor/civicrm/civicrm-core/Civi/Core/Event/ServiceListener.php(53): call_user_func_array((Array:2), (Array:3))
#6 /var/www/html/vendor/symfony/event-dispatcher/EventDispatcher.php(220): Civi\Core\Event\ServiceListener->__invoke(Object(Civi\Core\Event\GenericHookEvent), "civi.afform.get", Object(Civi\Core\UnoptimizedEventDispatcher))
#7 /var/www/html/vendor/symfony/event-dispatcher/EventDispatcher.php(56): Symfony\Component\EventDispatcher\EventDispatcher->callListeners((Array:2), "civi.afform.get", Object(Civi\Core\Event\GenericHookEvent))
#8 /var/www/html/vendor/civicrm/civicrm-core/Civi/Core/CiviEventDispatcher.php(263): Symfony\Component\EventDispatcher\EventDispatcher->dispatch(Object(Civi\Core\Event\GenericHookEvent), "civi.afform.get")
#9 /var/www/html/vendor/civicrm/civicrm-core/ext/afform/core/Civi/Api4/Action/Afform/Get.php(41): Civi\Core\CiviEventDispatcher->dispatch("civi.afform.get", Object(Civi\Core\Event\GenericHookEvent))
#10 /var/www/html/vendor/civicrm/civicrm-core/Civi/Api4/Generic/BasicGetAction.php(51): Civi\Api4\Action\Afform\Get->getRecords()
#11 /var/www/html/vendor/civicrm/civicrm-core/Civi/Api4/Provider/ActionObjectProvider.php(91): Civi\Api4\Generic\BasicGetAction->_run(Object(Civi\Api4\Generic\Result))
#12 /var/www/html/vendor/civicrm/civicrm-core/Civi/API/Kernel.php(153): Civi\Api4\Provider\ActionObjectProvider->invoke(Object(Civi\Api4\Action\Afform\Get))
#13 /var/www/html/vendor/civicrm/civicrm-core/Civi/Api4/Generic/AbstractAction.php(256): Civi\API\Kernel->runRequest(Object(Civi\Api4\Action\Afform\Get))
#14 /var/www/html/vendor/civicrm/civicrm-core/Civi/Api4/Generic/AbstractBatchAction.php(40): Civi\Api4\Generic\AbstractAction->execute()
#15 /var/www/html/vendor/civicrm/civicrm-core/Civi/Api4/Generic/BasicBatchAction.php(72): Civi\Api4\Generic\AbstractBatchAction->getBatchRecords()
#16 /var/www/html/vendor/civicrm/civicrm-core/Civi/Api4/Provider/ActionObjectProvider.php(91): Civi\Api4\Generic\BasicBatchAction->_run(Object(Civi\Api4\Generic\Result))
#17 /var/www/html/vendor/civicrm/civicrm-core/Civi/API/Kernel.php(153): Civi\Api4\Provider\ActionObjectProvider->invoke(Object(Civi\Api4\Action\Afform\Revert))
#18 /var/www/html/vendor/civicrm/civicrm-core/Civi/Api4/Generic/AbstractAction.php(256): Civi\API\Kernel->runRequest(Object(Civi\Api4\Action\Afform\Revert))
#19 /var/www/html/vendor/civicrm/civicrm-core/ext/afform/core/afform.php(553): Civi\Api4\Generic\AbstractAction->execute()
#20 /var/www/html/vendor/civicrm/civicrm-core/CRM/Utils/Hook.php(284): afform_civicrm_pre("delete", "SearchDisplay", 13, (Array:1))
#21 /var/www/html/vendor/civicrm/civicrm-core/CRM/Utils/Hook/DrupalBase.php(73): CRM_Utils_Hook->runHooks((Array:65), "civicrm_pre", 4, "delete", "SearchDisplay", 13, (Array:1), NULL, NULL)
#22 /var/www/html/vendor/civicrm/civicrm-core/Civi/Core/CiviEventDispatcher.php(322): CRM_Utils_Hook_DrupalBase->invokeViaUF(4, "delete", "SearchDisplay", 13, (Array:1), NULL, NULL, "civicrm_pre")
#23 /var/www/html/vendor/symfony/event-dispatcher/EventDispatcher.php(220): Civi\Core\CiviEventDispatcher::delegateToUF(Object(Civi\Core\Event\PreEvent), "hook_civicrm_pre", Object(Civi\Core\UnoptimizedEventDispatcher))
#24 /var/www/html/vendor/symfony/event-dispatcher/EventDispatcher.php(56): Symfony\Component\EventDispatcher\EventDispatcher->callListeners((Array:8), "hook_civicrm_pre", Object(Civi\Core\Event\PreEvent))
#25 /var/www/html/vendor/civicrm/civicrm-core/Civi/Core/CiviEventDispatcher.php(263): Symfony\Component\EventDispatcher\EventDispatcher->dispatch(Object(Civi\Core\Event\PreEvent), "hook_civicrm_pre")
#26 /var/www/html/vendor/civicrm/civicrm-core/CRM/Utils/Hook.php(347): Civi\Core\CiviEventDispatcher->dispatch("hook_civicrm_pre", Object(Civi\Core\Event\PreEvent))
#27 /var/www/html/vendor/civicrm/civicrm-core/CRM/Core/DAO.php(1107): CRM_Utils_Hook::pre("delete", "SearchDisplay", 13, (Array:1))
#28 /var/www/html/vendor/civicrm/civicrm-core/CRM/Core/DAO.php(1133): CRM_Core_DAO::deleteRecord((Array:1))
#29 /var/www/html/vendor/civicrm/civicrm-core/Civi/Api4/Generic/DAODeleteAction.php(77): CRM_Core_DAO::deleteRecords((Array:1))
#30 /var/www/html/vendor/civicrm/civicrm-core/Civi/Api4/Generic/DAODeleteAction.php(49): Civi\Api4\Generic\DAODeleteAction->deleteObjects((Array:1))
#31 /var/www/html/vendor/civicrm/civicrm-core/Civi/Api4/Provider/ActionObjectProvider.php(91): Civi\Api4\Generic\DAODeleteAction->_run(Object(Civi\Api4\Generic\Result))
#32 /var/www/html/vendor/civicrm/civicrm-core/Civi/API/Kernel.php(153): Civi\Api4\Provider\ActionObjectProvider->invoke(Object(Civi\Api4\Generic\DAODeleteAction))
#33 /var/www/html/vendor/civicrm/civicrm-core/Civi/Api4/Generic/AbstractAction.php(256): Civi\API\Kernel->runRequest(Object(Civi\Api4\Generic\DAODeleteAction))
#34 /var/www/html/vendor/civicrm/civicrm-core/api/api.php(91): Civi\Api4\Generic\AbstractAction->execute()
#35 /var/www/html/vendor/civicrm/civicrm-core/CRM/Core/ManagedEntities.php(373): civicrm_api4("SearchDisplay", "delete", (Array:2))
#36 /var/www/html/vendor/civicrm/civicrm-core/CRM/Core/ManagedEntities.php(145): CRM_Core_ManagedEntities->removeStaleEntity((Array:8))
#37 /var/www/html/vendor/civicrm/civicrm-core/CRM/Core/ManagedEntities.php(80): CRM_Core_ManagedEntities->reconcileEntities((Array:14))
#38 /var/www/html/vendor/civicrm/civicrm-core/Civi/Api4/Action/Managed/Reconcile.php(46): CRM_Core_ManagedEntities->reconcile((Array:1))
#39 /var/www/html/vendor/civicrm/civicrm-core/Civi/Api4/Provider/ActionObjectProvider.php(91): Civi\Api4\Action\Managed\Reconcile->_run(Object(Civi\Api4\Generic\Result))
#40 /var/www/html/vendor/civicrm/civicrm-core/Civi/API/Kernel.php(153): Civi\Api4\Provider\ActionObjectProvider->invoke(Object(Civi\Api4\Action\Managed\Reconcile))
#41 /var/www/html/vendor/civicrm/civicrm-core/Civi/Api4/Generic/AbstractAction.php(256): Civi\API\Kernel->runRequest(Object(Civi\Api4\Action\Managed\Reconcile))
#42 /var/www/html/vendor/civicrm/civicrm-core/ext/civiimport/Civi/Api4/Event/Subscriber/ImportSubscriber.php(254): Civi\Api4\Generic\AbstractAction->execute()
#43 /var/www/html/vendor/civicrm/civicrm-core/ext/civiimport/Civi/Api4/Event/Subscriber/ImportSubscriber.php(140): Civi\Api4\Event\Subscriber\ImportSubscriber->flushEntityMetadata()
#44 [internal function](): Civi\Api4\Event\Subscriber\ImportSubscriber->on_hook_civicrm_post(Object(Civi\Core\Event\PostEvent), "hook_civicrm_post", Object(Civi\Core\UnoptimizedEventDispatcher))
#45 /var/www/html/vendor/civicrm/civicrm-core/Civi/Core/Event/ServiceListener.php(53): call_user_func_array((Array:2), (Array:3))
#46 /var/www/html/vendor/symfony/event-dispatcher/EventDispatcher.php(220): Civi\Core\Event\ServiceListener->__invoke(Object(Civi\Core\Event\PostEvent), "hook_civicrm_post", Object(Civi\Core\UnoptimizedEventDispatcher))
#47 /var/www/html/vendor/symfony/event-dispatcher/EventDispatcher.php(56): Symfony\Component\EventDispatcher\EventDispatcher->callListeners((Array:12), "hook_civicrm_post", Object(Civi\Core\Event\PostEvent))
#48 /var/www/html/vendor/civicrm/civicrm-core/Civi/Core/CiviEventDispatcher.php(263): Symfony\Component\EventDispatcher\EventDispatcher->dispatch(Object(Civi\Core\Event\PostEvent), "hook_civicrm_post")
#49 /var/www/html/vendor/civicrm/civicrm-core/CRM/Utils/Hook.php(371): Civi\Core\CiviEventDispatcher->dispatch("hook_civicrm_post", Object(Civi\Core\Event\PostEvent))
#50 /var/www/html/vendor/civicrm/civicrm-core/CRM/Core/DAO.php(1118): CRM_Utils_Hook::post("delete", "UserJob", 1, Object(CRM_Core_DAO_UserJob), (Array:1))
#51 /var/www/html/vendor/civicrm/civicrm-core/CRM/Core/DAO.php(1133): CRM_Core_DAO::deleteRecord((Array:1))
#52 /var/www/html/vendor/civicrm/civicrm-core/Civi/Api4/Generic/DAODeleteAction.php(77): CRM_Core_DAO::deleteRecords((Array:2))
#53 /var/www/html/vendor/civicrm/civicrm-core/Civi/Api4/Generic/DAODeleteAction.php(49): Civi\Api4\Generic\DAODeleteAction->deleteObjects((Array:2))
#54 /var/www/html/vendor/civicrm/civicrm-core/Civi/Api4/Provider/ActionObjectProvider.php(91): Civi\Api4\Generic\DAODeleteAction->_run(Object(Civi\Api4\Generic\Result))
#55 /var/www/html/vendor/civicrm/civicrm-core/Civi/API/Kernel.php(153): Civi\Api4\Provider\ActionObjectProvider->invoke(Object(Civi\Api4\Generic\DAODeleteAction))
#56 /var/www/html/vendor/civicrm/civicrm-core/Civi/Api4/Generic/AbstractAction.php(256): Civi\API\Kernel->runRequest(Object(Civi\Api4\Generic\DAODeleteAction))
#57 /var/www/html/vendor/civicrm/civicrm-core/CRM/Core/Config.php(290): Civi\Api4\Generic\AbstractAction->execute()
#58 /var/www/html/vendor/civicrm/civicrm-core/CRM/Core/Invoke.php(387): CRM_Core_Config->cleanupCaches(FALSE)
#59 /var/www/html/vendor/civicrm/civicrm-core/api/v3/System.php(31): CRM_Core_Invoke::rebuildMenuAndCaches(FALSE, FALSE)
#60 /var/www/html/vendor/civicrm/civicrm-core/Civi/API/Provider/MagicFunctionProvider.php(89): civicrm_api3_system_flush((Array:2))
#61 /var/www/html/vendor/civicrm/civicrm-core/Civi/API/Kernel.php(153): Civi\API\Provider\MagicFunctionProvider->invoke((Array:8))
#62 /var/www/html/vendor/civicrm/civicrm-core/Civi/API/Kernel.php(79): Civi\API\Kernel->runRequest((Array:8))
#63 /var/www/html/vendor/civicrm/civicrm-core/api/api.php(28): Civi\API\Kernel->runSafe("System", "flush", (Array:2))
#64 phar:///var/www/html/vendor/civicrm/cli-tools/extern/cv.phar/src/Util/VerboseApi.php(17): civicrm_api("System", "flush", (Array:2))
#65 phar:///var/www/html/vendor/civicrm/cli-tools/extern/cv.phar/src/Command/FlushCommand.php(29): Civi\Cv\Util\VerboseApi::callApi3Success("System", "flush", (Array:2))
#66 phar:///var/www/html/vendor/civicrm/cli-tools/extern/cv.phar/vendor/symfony/console/Command/Command.php(155): Civi\Cv\Command\FlushCommand->execute(Object(Civi\Cv\Util\CvArgvInput), Object(Cvphar\Symfony\Component\Console\Output\ConsoleOutput))
#67 phar:///var/www/html/vendor/civicrm/cli-tools/extern/cv.phar/vendor/symfony/console/Application.php(680): Cvphar\Symfony\Component\Console\Command\Command->run(Object(Civi\Cv\Util\CvArgvInput), Object(Cvphar\Symfony\Component\Console\Output\ConsoleOutput))
#68 phar:///var/www/html/vendor/civicrm/cli-tools/extern/cv.phar/vendor/symfony/console/Application.php(218): Cvphar\Symfony\Component\Console\Application->doRunCommand(Object(Civi\Cv\Command\FlushCommand), Object(Civi\Cv\Util\CvArgvInput), Object(Cvphar\Symfony\Component\Console\Output\ConsoleOutput))
#69 phar:///var/www/html/vendor/civicrm/cli-tools/extern/cv.phar/lib/src/BaseApplication.php(98): Cvphar\Symfony\Component\Console\Application->doRun(Object(Civi\Cv\Util\CvArgvInput), Object(Cvphar\Symfony\Component\Console\Output\ConsoleOutput))
#70 phar:///var/www/html/vendor/civicrm/cli-tools/extern/cv.phar/vendor/symfony/console/Application.php(124): Civi\Cv\BaseApplication->doRun(Object(Civi\Cv\Util\CvArgvInput), Object(Cvphar\Symfony\Component\Console\Output\ConsoleOutput))
#71 phar:///var/www/html/vendor/civicrm/cli-tools/extern/cv.phar/lib/src/BaseApplication.php(65): Cvphar\Symfony\Component\Console\Application->run(Object(Civi\Cv\Util\CvArgvInput), Object(Cvphar\Symfony\Component\Console\Output\ConsoleOutput))
#72 phar:///var/www/html/vendor/civicrm/cli-tools/extern/cv.phar/lib/src/BaseApplication.php(27): Civi\Cv\BaseApplication->run(Object(Civi\Cv\Util\CvArgvInput), Object(Cvphar\Symfony\Component\Console\Output\ConsoleOutput))
#73 phar:///var/www/html/vendor/civicrm/cli-tools/extern/cv.phar/bin/cv(29): Civi\Cv\BaseApplication::main("cv", "phar:///var/www/html/vendor/civicrm/cli-tools/extern/cv.phar/bin", (Array:2))
#74 /var/www/html/vendor/civicrm/cli-tools/extern/cv.phar(15): require("phar:///var/www/html/vendor/civicrm/cli-tools/extern/cv.phar/bin/cv")
#75 /var/www/html/vendor/civicrm/cli-tools/bin/cv(7): require("/var/www/html/vendor/civicrm/cli-tools/extern/cv.phar")
#76 /var/www/html/vendor/bin/cv(119): include("/var/www/html/vendor/civicrm/cli-tools/bin/cv")
#77 {main}


2024-12-02 13:24:49+0000  [debug] $API Request Authorization failed = #0 /var/www/html/vendor/civicrm/civicrm-core/Civi/API/Kernel.php(148): CRM_Core_Error::backtrace("API Request Authorization failed", TRUE)
#1 /var/www/html/vendor/civicrm/civicrm-core/Civi/Api4/Generic/AbstractAction.php(256): Civi\API\Kernel->runRequest(Object(Civi\Api4\Generic\DAOGetAction))
#2 /var/www/html/vendor/civicrm/civicrm-core/ext/civiimport/Civi/Api4/Event/Subscriber/ImportSubscriber.php(221): Civi\Api4\Generic\AbstractAction->execute()
#3 /var/www/html/vendor/civicrm/civicrm-core/ext/civiimport/Civi/Api4/Event/Subscriber/ImportSubscriber.php(197): Civi\Api4\Event\Subscriber\ImportSubscriber::getImportForms()
#4 [internal function](): Civi\Api4\Event\Subscriber\ImportSubscriber::on_civi_afform_get(Object(Civi\Core\Event\GenericHookEvent), "civi.afform.get", Object(Civi\Core\UnoptimizedEventDispatcher))
#5 /var/www/html/vendor/civicrm/civicrm-core/Civi/Core/Event/ServiceListener.php(53): call_user_func_array((Array:2), (Array:3))
#6 /var/www/html/vendor/symfony/event-dispatcher/EventDispatcher.php(220): Civi\Core\Event\ServiceListener->__invoke(Object(Civi\Core\Event\GenericHookEvent), "civi.afform.get", Object(Civi\Core\UnoptimizedEventDispatcher))
#7 /var/www/html/vendor/symfony/event-dispatcher/EventDispatcher.php(56): Symfony\Component\EventDispatcher\EventDispatcher->callListeners((Array:2), "civi.afform.get", Object(Civi\Core\Event\GenericHookEvent))
#8 /var/www/html/vendor/civicrm/civicrm-core/Civi/Core/CiviEventDispatcher.php(263): Symfony\Component\EventDispatcher\EventDispatcher->dispatch(Object(Civi\Core\Event\GenericHookEvent), "civi.afform.get")
#9 /var/www/html/vendor/civicrm/civicrm-core/ext/afform/core/Civi/Api4/Action/Afform/Get.php(41): Civi\Core\CiviEventDispatcher->dispatch("civi.afform.get", Object(Civi\Core\Event\GenericHookEvent))
#10 /var/www/html/vendor/civicrm/civicrm-core/Civi/Api4/Generic/BasicGetAction.php(51): Civi\Api4\Action\Afform\Get->getRecords()
#11 /var/www/html/vendor/civicrm/civicrm-core/Civi/Api4/Provider/ActionObjectProvider.php(91): Civi\Api4\Generic\BasicGetAction->_run(Object(Civi\Api4\Generic\Result))
#12 /var/www/html/vendor/civicrm/civicrm-core/Civi/API/Kernel.php(153): Civi\Api4\Provider\ActionObjectProvider->invoke(Object(Civi\Api4\Action\Afform\Get))
#13 /var/www/html/vendor/civicrm/civicrm-core/Civi/Api4/Generic/AbstractAction.php(256): Civi\API\Kernel->runRequest(Object(Civi\Api4\Action\Afform\Get))
#14 /var/www/html/vendor/civicrm/civicrm-core/ext/afform/core/afform.php(403): Civi\Api4\Generic\AbstractAction->execute()
#15 /var/www/html/vendor/civicrm/civicrm-core/CRM/Utils/Hook.php(272): afform_civicrm_alterMenu((Array:469))
#16 /var/www/html/vendor/civicrm/civicrm-core/CRM/Utils/Hook/DrupalBase.php(73): CRM_Utils_Hook->runHooks((Array:65), "civicrm_alterMenu", 1, (Array:469), NULL, NULL, NULL, NULL, NULL)
#17 /var/www/html/vendor/civicrm/civicrm-core/Civi/Core/CiviEventDispatcher.php(310): CRM_Utils_Hook_DrupalBase->invokeViaUF(1, (Array:469), NULL, NULL, NULL, NULL, NULL, "civicrm_alterMenu")
#18 /var/www/html/vendor/symfony/event-dispatcher/EventDispatcher.php(220): Civi\Core\CiviEventDispatcher::delegateToUF(Object(Civi\Core\Event\GenericHookEvent), "hook_civicrm_alterMenu", Object(Civi\Core\UnoptimizedEventDispatcher))
#19 /var/www/html/vendor/symfony/event-dispatcher/EventDispatcher.php(56): Symfony\Component\EventDispatcher\EventDispatcher->callListeners((Array:4), "hook_civicrm_alterMenu", Object(Civi\Core\Event\GenericHookEvent))
#20 /var/www/html/vendor/civicrm/civicrm-core/Civi/Core/CiviEventDispatcher.php(263): Symfony\Component\EventDispatcher\EventDispatcher->dispatch(Object(Civi\Core\Event\GenericHookEvent), "hook_civicrm_alterMenu")
#21 /var/www/html/vendor/civicrm/civicrm-core/CRM/Utils/Hook.php(168): Civi\Core\CiviEventDispatcher->dispatch("hook_civicrm_alterMenu", Object(Civi\Core\Event\GenericHookEvent))
#22 /var/www/html/vendor/civicrm/civicrm-core/CRM/Utils/Hook.php(689): CRM_Utils_Hook->invoke((Array:1), (Array:469), NULL, NULL, NULL, NULL, NULL, "civicrm_alterMenu")
#23 /var/www/html/vendor/civicrm/civicrm-core/CRM/Core/Menu.php(78): CRM_Utils_Hook::alterMenu((Array:469))
#24 /var/www/html/vendor/civicrm/civicrm-core/CRM/Core/Menu.php(180): CRM_Core_Menu::xmlItems(FALSE)
#25 /var/www/html/web/modules/contrib/civicrm/src/PathProcessor/CivicrmPathProcessor.php(24): CRM_Core_Menu::items()
#26 /var/www/html/web/core/lib/Drupal/Core/PathProcessor/PathProcessorManager.php(70): Drupal\civicrm\PathProcessor\CivicrmPathProcessor->processInbound("/civicrm/profile/create", Object(Symfony\Component\HttpFoundation\Request))
#27 /var/www/html/web/core/lib/Drupal/Core/Path/PathValidator.php(157): Drupal\Core\PathProcessor\PathProcessorManager->processInbound("/civicrm/profile/create", Object(Symfony\Component\HttpFoundation\Request))
#28 /var/www/html/web/core/lib/Drupal/Core/Path/PathValidator.php(122): Drupal\Core\Path\PathValidator->getPathAttributes("civicrm/profile/create", Object(Symfony\Component\HttpFoundation\Request), FALSE)
#29 /var/www/html/web/core/lib/Drupal/Core/Path/PathValidator.php(89): Drupal\Core\Path\PathValidator->getUrl("civicrm/profile/create", FALSE)
#30 /var/www/html/web/core/lib/Drupal/Core/Url.php(427): Drupal\Core\Path\PathValidator->getUrlIfValidWithoutAccessCheck("civicrm/profile/create")
#31 /var/www/html/web/core/lib/Drupal/Core/Url.php(319): Drupal\Core\Url::fromInternalUri((Array:2), (Array:3))
#32 /var/www/html/vendor/civicrm/civicrm-core/CRM/Utils/System/Drupal8.php(303): Drupal\Core\Url::fromUri("internal:/civicrm/profile/create", (Array:3))
#33 /var/www/html/vendor/civicrm/civicrm-core/CRM/Utils/System.php(294): CRM_Utils_System_Drupal8->url("civicrm/profile/create", "reset=1&context=dialog&gid=6", NULL, NULL, FALSE, TRUE)
#34 /var/www/html/vendor/civicrm/civicrm-core/CRM/Contact/BAO/Contact.php(3550): CRM_Utils_System::url("civicrm/profile/create", "reset=1&context=dialog&gid=6", NULL, NULL, FALSE, FALSE, TRUE)
#35 /var/www/html/vendor/civicrm/civicrm-core/CRM/Core/Resources.php(584): CRM_Contact_BAO_Contact::getEntityRefCreateLinks()
#36 /var/www/html/vendor/civicrm/civicrm-core/CRM/Core/Resources.php(463): CRM_Core_Resources::getEntityRefMetadata()
#37 /var/www/html/vendor/symfony/event-dispatcher/EventDispatcher.php(220): CRM_Core_Resources::renderL10nJs(Object(Civi\Core\Event\GenericHookEvent), "hook_civicrm_buildAsset", Object(Civi\Core\UnoptimizedEventDispatcher))
#38 /var/www/html/vendor/symfony/event-dispatcher/EventDispatcher.php(56): Symfony\Component\EventDispatcher\EventDispatcher->callListeners((Array:6), "hook_civicrm_buildAsset", Object(Civi\Core\Event\GenericHookEvent))
#39 /var/www/html/vendor/civicrm/civicrm-core/Civi/Core/CiviEventDispatcher.php(263): Symfony\Component\EventDispatcher\EventDispatcher->dispatch(Object(Civi\Core\Event\GenericHookEvent), "hook_civicrm_buildAsset")
#40 /var/www/html/vendor/civicrm/civicrm-core/CRM/Utils/Hook.php(168): Civi\Core\CiviEventDispatcher->dispatch("hook_civicrm_buildAsset", Object(Civi\Core\Event\GenericHookEvent))
#41 /var/www/html/vendor/civicrm/civicrm-core/CRM/Utils/Hook.php(2790): CRM_Utils_Hook->invoke((Array:4), "crm-l10n.js", (Array:10), "application/javascript", NULL, NULL, NULL, "civicrm_buildAsset")
#42 /var/www/html/vendor/civicrm/civicrm-core/Civi/Core/AssetBuilder.php(226): CRM_Utils_Hook::buildAsset("crm-l10n.js", (Array:10), "application/javascript", NULL)
#43 /var/www/html/vendor/civicrm/civicrm-core/Civi/Core/AssetBuilder.php(198): Civi\Core\AssetBuilder->render("crm-l10n.js", (Array:10))
#44 /var/www/html/vendor/civicrm/civicrm-core/Civi/Core/AssetBuilder.php(136): Civi\Core\AssetBuilder->build("crm-l10n.js", (Array:10))
#45 /var/www/html/vendor/civicrm/civicrm-core/CRM/Core/Resources/Common.php(213): Civi\Core\AssetBuilder->getUrl("crm-l10n.js", (Array:10))
#46 /var/www/html/vendor/civicrm/civicrm-core/CRM/Core/Resources/Common.php(128): CRM_Core_Resources_Common::coreResourceList("html-header")
#47 /var/www/html/web/sites/default/files/civicrm/templates_c/CachedCiviContainer.f55ed694168075d5efc816530cbb3576.php(1273): CRM_Core_Resources_Common::createFullBundle("coreResources")
#48 /var/www/html/vendor/symfony/dependency-injection/Container.php(231): CachedCiviContainer_f55ed694168075d5efc816530cbb3576::getBundle_CoreResourcesService(Object(CachedCiviContainer_f55ed694168075d5efc816530cbb3576))
#49 /var/www/html/vendor/symfony/dependency-injection/Container.php(211): Symfony\Component\DependencyInjection\Container::make(Object(CachedCiviContainer_f55ed694168075d5efc816530cbb3576), "bundle.coreResources", 1)
#50 /var/www/html/vendor/civicrm/civicrm-core/Civi.php(175): Symfony\Component\DependencyInjection\Container->get("bundle.coreResources")
#51 /var/www/html/vendor/civicrm/civicrm-core/CRM/Core/Resources.php(214): Civi::service("bundle.coreResources")
#52 /var/www/html/vendor/civicrm/civicrm-core/CRM/Core/Resources.php(383): CRM_Core_Resources->addBundle("coreResources")
#53 /var/www/html/web/modules/contrib/civicrm/src/Civicrm.php(82): CRM_Core_Resources->addCoreResources()
#54 /var/www/html/web/modules/contrib/civicrm/src/Controller/CivicrmController.php(83): Drupal\civicrm\Civicrm->invoke((Array:2))
#55 [internal function](): Drupal\civicrm\Controller\CivicrmController->main((Array:2), "my-contacts")
#56 /var/www/html/web/core/lib/Drupal/Core/EventSubscriber/EarlyRenderingControllerWrapperSubscriber.php(123): call_user_func_array((Array:2), (Array:2))
#57 /var/www/html/web/core/lib/Drupal/Core/Render/Renderer.php(638): Drupal\Core\EventSubscriber\EarlyRenderingControllerWrapperSubscriber->Drupal\Core\EventSubscriber\{closure}()
#58 /var/www/html/web/core/lib/Drupal/Core/EventSubscriber/EarlyRenderingControllerWrapperSubscriber.php(121): Drupal\Core\Render\Renderer->executeInRenderContext(Object(Drupal\Core\Render\RenderContext), Object(Closure))
#59 /var/www/html/web/core/lib/Drupal/Core/EventSubscriber/EarlyRenderingControllerWrapperSubscriber.php(97): Drupal\Core\EventSubscriber\EarlyRenderingControllerWrapperSubscriber->wrapControllerExecutionInRenderContext((Array:2), (Array:2))
#60 /var/www/html/vendor/symfony/http-kernel/HttpKernel.php(181): Drupal\Core\EventSubscriber\EarlyRenderingControllerWrapperSubscriber->Drupal\Core\EventSubscriber\{closure}()
#61 /var/www/html/vendor/symfony/http-kernel/HttpKernel.php(76): Symfony\Component\HttpKernel\HttpKernel->handleRaw(Object(Symfony\Component\HttpFoundation\Request), 1)
#62 /var/www/html/web/core/lib/Drupal/Core/StackMiddleware/Session.php(53): Symfony\Component\HttpKernel\HttpKernel->handle(Object(Symfony\Component\HttpFoundation\Request), 1, TRUE)
#63 /var/www/html/web/core/lib/Drupal/Core/StackMiddleware/KernelPreHandle.php(48): Drupal\Core\StackMiddleware\Session->handle(Object(Symfony\Component\HttpFoundation\Request), 1, TRUE)
#64 /var/www/html/web/core/lib/Drupal/Core/StackMiddleware/ContentLength.php(28): Drupal\Core\StackMiddleware\KernelPreHandle->handle(Object(Symfony\Component\HttpFoundation\Request), 1, TRUE)
#65 /var/www/html/web/core/modules/big_pipe/src/StackMiddleware/ContentLength.php(32): Drupal\Core\StackMiddleware\ContentLength->handle(Object(Symfony\Component\HttpFoundation\Request), 1, TRUE)
#66 /var/www/html/web/core/modules/page_cache/src/StackMiddleware/PageCache.php(106): Drupal\big_pipe\StackMiddleware\ContentLength->handle(Object(Symfony\Component\HttpFoundation\Request), 1, TRUE)
#67 /var/www/html/web/core/modules/page_cache/src/StackMiddleware/PageCache.php(85): Drupal\page_cache\StackMiddleware\PageCache->pass(Object(Symfony\Component\HttpFoundation\Request), 1, TRUE)
#68 /var/www/html/web/core/lib/Drupal/Core/StackMiddleware/ReverseProxyMiddleware.php(48): Drupal\page_cache\StackMiddleware\PageCache->handle(Object(Symfony\Component\HttpFoundation\Request), 1, TRUE)
#69 /var/www/html/web/core/lib/Drupal/Core/StackMiddleware/NegotiationMiddleware.php(51): Drupal\Core\StackMiddleware\ReverseProxyMiddleware->handle(Object(Symfony\Component\HttpFoundation\Request), 1, TRUE)
#70 /var/www/html/web/core/lib/Drupal/Core/StackMiddleware/AjaxPageState.php(36): Drupal\Core\StackMiddleware\NegotiationMiddleware->handle(Object(Symfony\Component\HttpFoundation\Request), 1, TRUE)
#71 /var/www/html/web/core/lib/Drupal/Core/StackMiddleware/StackedHttpKernel.php(51): Drupal\Core\StackMiddleware\AjaxPageState->handle(Object(Symfony\Component\HttpFoundation\Request), 1, TRUE)
#72 /var/www/html/web/core/lib/Drupal/Core/DrupalKernel.php(741): Drupal\Core\StackMiddleware\StackedHttpKernel->handle(Object(Symfony\Component\HttpFoundation\Request), 1, TRUE)
#73 /var/www/html/web/index.php(19): Drupal\Core\DrupalKernel->handle(Object(Symfony\Component\HttpFoundation\Request))
#74 {main}


